<?xml version="1.0" encoding="UTF-8"?>
<!-- Generated by org.testng.reporters.JUnitReportReporter -->
<testsuite hostname="Ovi" failures="0" tests="1" name="Computers.TS_DWS_006_Test" time="2.748" errors="0" timestamp="2024-12-27T14:15:58 IST" skipped="0">
  <testcase classname="Computers.TS_DWS_006_Test" name="clickOnComputers" time="2.748"/>
  <system-out/>
</testsuite> <!-- Computers.TS_DWS_006_Test -->
