<?xml version="1.0" encoding="UTF-8"?>
<!-- Generated by org.testng.reporters.JUnitReportReporter -->
<testsuite hostname="Ovi" failures="0" tests="1" name="Books.TC_DWS_005_Test" time="7.524" errors="0" timestamp="2024-12-27T14:14:21 IST" skipped="0">
  <testcase classname="Books.TC_DWS_005_Test" name="clickOnBooks" time="7.524"/>
  <system-out/>
</testsuite> <!-- Books.TC_DWS_005_Test -->
