<?xml version="1.0" encoding="UTF-8"?>
<!-- Generated by org.testng.reporters.JUnitReportReporter -->
<testsuite hostname="Ovi" failures="0" tests="1" name="Books.TC_DWS_006_Test" time="2.690" errors="0" timestamp="2024-12-23T14:31:00 IST" skipped="0">
  <testcase classname="Books.TC_DWS_006_Test" name="clickOnComputers" time="2.690"/>
  <system-out/>
</testsuite> <!-- Books.TC_DWS_006_Test -->
